<?xml version="1.0" encoding="UTF-8"?>
<testng-results skipped="0" failed="0" total="1" passed="1">
  <reporter-output>
  </reporter-output>
  <suite name="Default suite" duration-ms="640" started-at="2018-04-09T21:16:32Z" finished-at="2018-04-09T21:16:33Z">
    <groups>
    </groups>
    <test name="Default test" duration-ms="640" started-at="2018-04-09T21:16:32Z" finished-at="2018-04-09T21:16:33Z">
      <class name="com.nest.example.tests.MicroServiceTest">
        <test-method status="PASS" signature="check()[pri:0, instance:com.nest.example.tests.MicroServiceTest@e320068]" name="check" duration-ms="629" started-at="2018-04-09T16:16:32Z" finished-at="2018-04-09T16:16:33Z">
          <reporter-output>
          </reporter-output>
        </test-method> <!-- check -->
      </class> <!-- com.nest.example.tests.MicroServiceTest -->
    </test> <!-- Default test -->
  </suite> <!-- Default suite -->
</testng-results>
